<?xml version="1.0" encoding="UTF-8"?>
<testsuite xmlns:xsi="http://www.w3.org/2001/XMLSchema-instance" xsi:noNamespaceSchemaLocation="https://maven.apache.org/surefire/maven-surefire-plugin/xsd/surefire-test-report.xsd" name="TestSuite" time="16.993" tests="6" errors="0" skipped="0" failures="0">
  <properties>
[...]
</properties>
  <testcase name="runScenario" classname="org.petstore.cucumbertest.TestRunner" time="6.674"/>
  <testcase name="runScenario" classname="org.petstore.cucumbertest.TestRunner" time="1.09"/>
  <testcase name="runScenario" classname="org.petstore.cucumbertest.TestRunner" time="2.076"/>
  <testcase name="runScenario" classname="org.petstore.cucumbertest.TestRunner" time="0.981"/>
  <testcase name="runScenario" classname="org.petstore.cucumbertest.TestRunner" time="0.992"/>
  <testcase name="runScenario" classname="org.petstore.cucumbertest.TestRunner" time="0.937"/>
</testsuite>