<?xml version="1.0" encoding="UTF-8"?>
<testng-results ignored="0" total="6" passed="6" failed="0" skipped="0">
  <reporter-output>
  </reporter-output>
  <suite started-at="2023-01-13T18:02:54 EET" name="Surefire suite" finished-at="2023-01-13T18:03:08 EET" duration-ms="13609">
    <groups>
      <group name="cucumber">
        <method signature="AbstractTestNGCucumberTests.runScenario(io.cucumber.testng.PickleWrapper,io.cucumber.testng.FeatureWrapper)[pri:0, instance:org.petstore.cucumbertest.TestRunner@69fb6037]" name="runScenario" class="io.cucumber.testng.AbstractTestNGCucumberTests"/>
      </group> <!-- cucumber -->
    </groups>
    <test started-at="2023-01-13T18:02:54 EET" name="Surefire test" finished-at="2023-01-13T18:03:08 EET" duration-ms="13609">
      <class name="org.petstore.cucumbertest.TestRunner">
        <test-method is-config="true" signature="setUpClass(org.testng.ITestContext)[pri:0, instance:org.petstore.cucumbertest.TestRunner@69fb6037]" started-at="2023-01-13T18:02:54 EET" name="setUpClass" finished-at="2023-01-13T18:02:55 EET" duration-ms="836" status="PASS">
          <params>
            <param index="0">
              <value>
                <![CDATA[org.testng.TestRunner@4ffe3d42]]>
              </value>
            </param>
          </params>
          <reporter-output>
          </reporter-output>
        </test-method> <!-- setUpClass -->
        <test-method signature="runScenario(io.cucumber.testng.PickleWrapper,io.cucumber.testng.FeatureWrapper)[pri:0, instance:org.petstore.cucumbertest.TestRunner@69fb6037]" started-at="2023-01-13T18:02:55 EET" name="runScenario" description="Runs Cucumber Scenarios" data-provider="scenarios" finished-at="2023-01-13T18:02:59 EET" duration-ms="4198" status="PASS">
          <params>
            <param index="0">
              <value>
                <![CDATA["Add new pet"]]>
              </value>
            </param>
            <param index="1">
              <value>
                <![CDATA["Validation Pet APIs"]]>
              </value>
            </param>
          </params>
          <reporter-output>
          </reporter-output>
        </test-method> <!-- runScenario -->
        <test-method signature="runScenario(io.cucumber.testng.PickleWrapper,io.cucumber.testng.FeatureWrapper)[pri:0, instance:org.petstore.cucumbertest.TestRunner@69fb6037]" started-at="2023-01-13T18:02:59 EET" name="runScenario" description="Runs Cucumber Scenarios" data-provider="scenarios" finished-at="2023-01-13T18:03:00 EET" duration-ms="1189" status="PASS">
          <params>
            <param index="0">
              <value>
                <![CDATA["Get the added pet"]]>
              </value>
            </param>
            <param index="1">
              <value>
                <![CDATA["Validation Pet APIs"]]>
              </value>
            </param>
          </params>
          <reporter-output>
          </reporter-output>
        </test-method> <!-- runScenario -->
        <test-method signature="runScenario(io.cucumber.testng.PickleWrapper,io.cucumber.testng.FeatureWrapper)[pri:0, instance:org.petstore.cucumbertest.TestRunner@69fb6037]" started-at="2023-01-13T18:03:00 EET" name="runScenario" description="Runs Cucumber Scenarios" data-provider="scenarios" finished-at="2023-01-13T18:03:03 EET" duration-ms="2352" status="PASS">
          <params>
            <param index="0">
              <value>
                <![CDATA["Update the name and status of the added pet using form data"]]>
              </value>
            </param>
            <param index="1">
              <value>
                <![CDATA["Validation Pet APIs"]]>
              </value>
            </param>
          </params>
          <reporter-output>
          </reporter-output>
        </test-method> <!-- runScenario -->
        <test-method signature="runScenario(io.cucumber.testng.PickleWrapper,io.cucumber.testng.FeatureWrapper)[pri:0, instance:org.petstore.cucumbertest.TestRunner@69fb6037]" started-at="2023-01-13T18:03:03 EET" name="runScenario" description="Runs Cucumber Scenarios" data-provider="scenarios" finished-at="2023-01-13T18:03:04 EET" duration-ms="977" status="PASS">
          <params>
            <param index="0">
              <value>
                <![CDATA["Get the updated pet"]]>
              </value>
            </param>
            <param index="1">
              <value>
                <![CDATA["Validation Pet APIs"]]>
              </value>
            </param>
          </params>
          <reporter-output>
          </reporter-output>
        </test-method> <!-- runScenario -->
        <test-method signature="runScenario(io.cucumber.testng.PickleWrapper,io.cucumber.testng.FeatureWrapper)[pri:0, instance:org.petstore.cucumbertest.TestRunner@69fb6037]" started-at="2023-01-13T18:03:04 EET" name="runScenario" description="Runs Cucumber Scenarios" data-provider="scenarios" finished-at="2023-01-13T18:03:05 EET" duration-ms="924" status="PASS">
          <params>
            <param index="0">
              <value>
                <![CDATA["Delete the added pet"]]>
              </value>
            </param>
            <param index="1">
              <value>
                <![CDATA["Validation Pet APIs"]]>
              </value>
            </param>
          </params>
          <reporter-output>
          </reporter-output>
        </test-method> <!-- runScenario -->
        <test-method signature="runScenario(io.cucumber.testng.PickleWrapper,io.cucumber.testng.FeatureWrapper)[pri:0, instance:org.petstore.cucumbertest.TestRunner@69fb6037]" started-at="2023-01-13T18:03:05 EET" name="runScenario" description="Runs Cucumber Scenarios" data-provider="scenarios" finished-at="2023-01-13T18:03:06 EET" duration-ms="1161" status="PASS">
          <params>
            <param index="0">
              <value>
                <![CDATA["Delete the deleted pet"]]>
              </value>
            </param>
            <param index="1">
              <value>
                <![CDATA["Validation Pet APIs"]]>
              </value>
            </param>
          </params>
          <reporter-output>
          </reporter-output>
        </test-method> <!-- runScenario -->
        <test-method is-config="true" signature="tearDownClass()[pri:0, instance:org.petstore.cucumbertest.TestRunner@69fb6037]" started-at="2023-01-13T18:03:06 EET" name="tearDownClass" finished-at="2023-01-13T18:03:08 EET" duration-ms="1906" status="PASS">
          <reporter-output>
          </reporter-output>
        </test-method> <!-- tearDownClass -->
      </class> <!-- org.petstore.cucumbertest.TestRunner -->
    </test> <!-- Surefire test -->
  </suite> <!-- Surefire suite -->
</testng-results>
