<?xml version="1.0" encoding="UTF-8"?>
<testng-results ignored="0" total="6" passed="6" failed="0" skipped="0">
  <reporter-output>
  </reporter-output>
  <suite started-at="2023-01-12T19:52:50 EET" name="Surefire suite" finished-at="2023-01-12T19:53:06 EET" duration-ms="15983">
    <groups>
      <group name="cucumber">
        <method signature="AbstractTestNGCucumberTests.runScenario(io.cucumber.testng.PickleWrapper,io.cucumber.testng.FeatureWrapper)[pri:0, instance:org.petstore.cucumbertest.TestRunner@dd0c991]" name="runScenario" class="io.cucumber.testng.AbstractTestNGCucumberTests"/>
      </group> <!-- cucumber -->
    </groups>
    <test started-at="2023-01-12T19:52:50 EET" name="Surefire test" finished-at="2023-01-12T19:53:06 EET" duration-ms="15983">
      <class name="org.petstore.cucumbertest.TestRunner">
        <test-method is-config="true" signature="setUpClass(org.testng.ITestContext)[pri:0, instance:org.petstore.cucumbertest.TestRunner@dd0c991]" started-at="2023-01-12T19:52:50 EET" name="setUpClass" finished-at="2023-01-12T19:52:51 EET" duration-ms="1218" status="PASS">
          <params>
            <param index="0">
              <value>
                <![CDATA[org.testng.TestRunner@7d7d8911]]>
              </value>
            </param>
          </params>
          <reporter-output>
          </reporter-output>
        </test-method> <!-- setUpClass -->
        <test-method signature="runScenario(io.cucumber.testng.PickleWrapper,io.cucumber.testng.FeatureWrapper)[pri:0, instance:org.petstore.cucumbertest.TestRunner@dd0c991]" started-at="2023-01-12T19:52:51 EET" name="runScenario" description="Runs Cucumber Scenarios" data-provider="scenarios" finished-at="2023-01-12T19:52:58 EET" duration-ms="6669" status="PASS">
          <params>
            <param index="0">
              <value>
                <![CDATA["Add new pet"]]>
              </value>
            </param>
            <param index="1">
              <value>
                <![CDATA["Validation Pet APIs"]]>
              </value>
            </param>
          </params>
          <reporter-output>
          </reporter-output>
        </test-method> <!-- runScenario -->
        <test-method signature="runScenario(io.cucumber.testng.PickleWrapper,io.cucumber.testng.FeatureWrapper)[pri:0, instance:org.petstore.cucumbertest.TestRunner@dd0c991]" started-at="2023-01-12T19:52:58 EET" name="runScenario" description="Runs Cucumber Scenarios" data-provider="scenarios" finished-at="2023-01-12T19:52:59 EET" duration-ms="1091" status="PASS">
          <params>
            <param index="0">
              <value>
                <![CDATA["Get the added pet"]]>
              </value>
            </param>
            <param index="1">
              <value>
                <![CDATA["Validation Pet APIs"]]>
              </value>
            </param>
          </params>
          <reporter-output>
          </reporter-output>
        </test-method> <!-- runScenario -->
        <test-method signature="runScenario(io.cucumber.testng.PickleWrapper,io.cucumber.testng.FeatureWrapper)[pri:0, instance:org.petstore.cucumbertest.TestRunner@dd0c991]" started-at="2023-01-12T19:52:59 EET" name="runScenario" description="Runs Cucumber Scenarios" data-provider="scenarios" finished-at="2023-01-12T19:53:01 EET" duration-ms="2072" status="PASS">
          <params>
            <param index="0">
              <value>
                <![CDATA["Update the name and status of the added pet using form data"]]>
              </value>
            </param>
            <param index="1">
              <value>
                <![CDATA["Validation Pet APIs"]]>
              </value>
            </param>
          </params>
          <reporter-output>
          </reporter-output>
        </test-method> <!-- runScenario -->
        <test-method signature="runScenario(io.cucumber.testng.PickleWrapper,io.cucumber.testng.FeatureWrapper)[pri:0, instance:org.petstore.cucumbertest.TestRunner@dd0c991]" started-at="2023-01-12T19:53:01 EET" name="runScenario" description="Runs Cucumber Scenarios" data-provider="scenarios" finished-at="2023-01-12T19:53:02 EET" duration-ms="981" status="PASS">
          <params>
            <param index="0">
              <value>
                <![CDATA["Get the updated pet"]]>
              </value>
            </param>
            <param index="1">
              <value>
                <![CDATA["Validation Pet APIs"]]>
              </value>
            </param>
          </params>
          <reporter-output>
          </reporter-output>
        </test-method> <!-- runScenario -->
        <test-method signature="runScenario(io.cucumber.testng.PickleWrapper,io.cucumber.testng.FeatureWrapper)[pri:0, instance:org.petstore.cucumbertest.TestRunner@dd0c991]" started-at="2023-01-12T19:53:02 EET" name="runScenario" description="Runs Cucumber Scenarios" data-provider="scenarios" finished-at="2023-01-12T19:53:03 EET" duration-ms="991" status="PASS">
          <params>
            <param index="0">
              <value>
                <![CDATA["Delete the added pet"]]>
              </value>
            </param>
            <param index="1">
              <value>
                <![CDATA["Validation Pet APIs"]]>
              </value>
            </param>
          </params>
          <reporter-output>
          </reporter-output>
        </test-method> <!-- runScenario -->
        <test-method signature="runScenario(io.cucumber.testng.PickleWrapper,io.cucumber.testng.FeatureWrapper)[pri:0, instance:org.petstore.cucumbertest.TestRunner@dd0c991]" started-at="2023-01-12T19:53:03 EET" name="runScenario" description="Runs Cucumber Scenarios" data-provider="scenarios" finished-at="2023-01-12T19:53:04 EET" duration-ms="935" status="PASS">
          <params>
            <param index="0">
              <value>
                <![CDATA["Delete the deleted pet"]]>
              </value>
            </param>
            <param index="1">
              <value>
                <![CDATA["Validation Pet APIs"]]>
              </value>
            </param>
          </params>
          <reporter-output>
          </reporter-output>
        </test-method> <!-- runScenario -->
        <test-method is-config="true" signature="tearDownClass()[pri:0, instance:org.petstore.cucumbertest.TestRunner@dd0c991]" started-at="2023-01-12T19:53:04 EET" name="tearDownClass" finished-at="2023-01-12T19:53:06 EET" duration-ms="1932" status="PASS">
          <reporter-output>
          </reporter-output>
        </test-method> <!-- tearDownClass -->
      </class> <!-- org.petstore.cucumbertest.TestRunner -->
    </test> <!-- Surefire test -->
  </suite> <!-- Surefire suite -->
</testng-results>
